srun: Job step aborted: Waiting up to 32 seconds for job step to finish.
Abort(1) on node 0 (rank 0 in comm 0): application called MPI_Abort(MPI_COMM_WORLD, 1) - process 0
In: PMI_Abort(1, application called MPI_Abort(MPI_COMM_WORLD, 1) - process 0)
slurmstepd: error: *** STEP 2641349.0 ON cas455 CANCELLED AT 2020-12-28T17:01:09 ***
srun: error: cas464: tasks 360-399: Killed
srun: Terminating job step 2641349.0
srun: error: cas467: tasks 480-519: Killed
srun: error: cas457: tasks 80-119: Killed
srun: error: cas478: tasks 680-719: Killed
srun: error: cas458: tasks 120-159: Killed
srun: error: cas459: tasks 160-199: Killed
srun: error: cas463: tasks 320-359: Killed
srun: error: cas466: tasks 440-479: Killed
srun: error: cas475: tasks 560-599: Killed
srun: error: cas476: tasks 600-639: Killed
srun: error: cas461: tasks 240-279: Killed
srun: error: cas477: tasks 640-679: Killed
srun: error: cas455: task 0: Exited with exit code 1
srun: error: cas480: tasks 760-799: Killed
srun: error: cas474: tasks 520-559: Killed
srun: error: cas465: tasks 400-439: Killed
srun: error: cas455: tasks 1-39: Killed
srun: error: cas456: tasks 40-79: Killed
srun: error: cas460: tasks 200-239: Killed
srun: error: cas462: tasks 280-319: Killed
srun: error: cas479: tasks 720-759: Killed
mv: cannot stat ‘Time.txt’: No such file or directory
