srun: Job step aborted: Waiting up to 32 seconds for job step to finish.
Abort(1) on node 0 (rank 0 in comm 0): application called MPI_Abort(MPI_COMM_WORLD, 1) - process 0
In: PMI_Abort(1, application called MPI_Abort(MPI_COMM_WORLD, 1) - process 0)
slurmstepd: error: *** STEP 2641351.0 ON cas196 CANCELLED AT 2020-12-28T17:01:43 ***
srun: error: cas202: tasks 240-279: Killed
srun: Terminating job step 2641351.0
srun: error: cas212: tasks 640-679: Killed
srun: error: cas209: tasks 520-559: Killed
srun: error: cas205: tasks 360-399: Killed
srun: error: cas208: tasks 480-519: Killed
srun: error: cas214: tasks 720-759: Killed
srun: error: cas203: tasks 280-319: Killed
srun: error: cas213: tasks 680-719: Killed
srun: error: cas204: tasks 320-359: Killed
srun: error: cas196: task 0: Exited with exit code 1
srun: error: cas200: tasks 160-199: Killed
srun: error: cas196: tasks 1-39: Killed
srun: error: cas199: tasks 120-159: Killed
srun: error: cas211: tasks 600-639: Killed
srun: error: cas201: tasks 200-239: Killed
srun: error: cas198: tasks 80-119: Killed
srun: error: cas215: tasks 760-799: Killed
srun: error: cas197: tasks 40-79: Killed
srun: error: cas206: tasks 400-439: Killed
srun: error: cas207: tasks 440-479: Killed
srun: error: cas210: tasks 560-599: Killed
mv: cannot stat ‘Time.txt’: No such file or directory
